<?xml version="1.0" encoding="UTF-8"?>
<testng-results ignored="1" total="2" passed="1" failed="0" skipped="0">
  <reporter-output>
  </reporter-output>
  <suite started-at="2022-09-21T14:31:04 IST" name="Default suite" finished-at="2022-09-21T14:31:06 IST" duration-ms="2502">
    <groups>
    </groups>
    <test started-at="2022-09-21T14:31:04 IST" name="Default test" finished-at="2022-09-21T14:31:06 IST" duration-ms="2502">
      <class name="Testcase.Google">
        <test-method signature="google_req()[pri:0, instance:Testcase.Google@3daa422a]" started-at="2022-09-21T14:31:04 IST" name="google_req" finished-at="2022-09-21T14:31:06 IST" duration-ms="2457" status="PASS">
          <reporter-output>
          </reporter-output>
        </test-method> <!-- google_req -->
      </class> <!-- Testcase.Google -->
    </test> <!-- Default test -->
  </suite> <!-- Default suite -->
</testng-results>
